[debug] [2024-03-04T21:41:42.582Z] ----------------------------------------------------------------------
[debug] [2024-03-04T21:41:42.584Z] Command:       C:\Program Files\nodejs\node.exe C:\Users\Bamboo\AppData\Roaming\npm\node_modules\firebase-tools\lib\bin\firebase.js init
[debug] [2024-03-04T21:41:42.585Z] CLI Version:   13.4.0
[debug] [2024-03-04T21:41:42.585Z] Platform:      win32
[debug] [2024-03-04T21:41:42.585Z] Node Version:  v21.6.2
[debug] [2024-03-04T21:41:42.585Z] Time:          Mon Mar 04 2024 22:41:42 GMT+0100 (Mitteleuropäische Normalzeit)
[debug] [2024-03-04T21:41:42.585Z] ----------------------------------------------------------------------
[debug] 
[debug] [2024-03-04T21:41:42.592Z] > command requires scopes: ["email","openid","https://www.googleapis.com/auth/cloudplatformprojects.readonly","https://www.googleapis.com/auth/firebase","https://www.googleapis.com/auth/cloud-platform"]
[debug] [2024-03-04T21:41:42.592Z] > authorizing via signed-in user (mym.database@gmail.com)
[info] 
     ######## #### ########  ######## ########     ###     ######  ########
     ##        ##  ##     ## ##       ##     ##  ##   ##  ##       ##
     ######    ##  ########  ######   ########  #########  ######  ######
     ##        ##  ##    ##  ##       ##     ## ##     ##       ## ##
     ##       #### ##     ## ######## ########  ##     ##  ######  ########

You're about to initialize a Firebase project in this directory:

  C:\Users\Bamboo\Documents\Coding\untitled

[info] 
=== Project Setup
[info] 
[info] First, let's associate this project directory with a Firebase project.
[info] You can create multiple project aliases by running firebase use --add, 
[info] but for now we'll just set up a default project.
[info] 
[debug] [2024-03-04T21:42:30.005Z] > refreshing access token with scopes: []
[debug] [2024-03-04T21:42:30.007Z] >>> [apiv2][query] POST https://www.googleapis.com/oauth2/v3/token [none]
[debug] [2024-03-04T21:42:30.007Z] >>> [apiv2][body] POST https://www.googleapis.com/oauth2/v3/token [omitted]
[debug] [2024-03-04T21:42:30.140Z] <<< [apiv2][status] POST https://www.googleapis.com/oauth2/v3/token 200
[debug] [2024-03-04T21:42:30.141Z] <<< [apiv2][body] POST https://www.googleapis.com/oauth2/v3/token [omitted]
[debug] [2024-03-04T21:42:30.152Z] >>> [apiv2][query] GET https://firebase.googleapis.com/v1beta1/projects pageSize=100
[debug] [2024-03-04T21:42:30.563Z] <<< [apiv2][status] GET https://firebase.googleapis.com/v1beta1/projects 200
[debug] [2024-03-04T21:42:30.563Z] <<< [apiv2][body] GET https://firebase.googleapis.com/v1beta1/projects [omitted]
[info] i  Using project mailmymail-9f7bb (MailMyMail) 
[info] 
=== Hosting Setup
[debug] [2024-03-04T21:42:39.507Z] >>> [apiv2][query] GET https://firebase.googleapis.com/v1beta1/projects/mailmymail-9f7bb [none]
[debug] [2024-03-04T21:42:39.762Z] <<< [apiv2][status] GET https://firebase.googleapis.com/v1beta1/projects/mailmymail-9f7bb 200
[debug] [2024-03-04T21:42:39.762Z] <<< [apiv2][body] GET https://firebase.googleapis.com/v1beta1/projects/mailmymail-9f7bb {"projectId":"mailmymail-9f7bb","projectNumber":"8863254035","displayName":"MailMyMail","name":"projects/mailmymail-9f7bb","resources":{"hostingSite":"mailmymail-9f7bb","realtimeDatabaseInstance":"mailmymail-9f7bb-default-rtdb","storageBucket":"mailmymail-9f7bb.appspot.com","locationId":"europe-west"},"state":"ACTIVE","etag":"1_e4a098ce-c3be-4b99-80d1-5170f32bf8b7"}
[info] 
[info] Your public directory is the folder (relative to your project directory) that
[info] will contain Hosting assets to be uploaded with firebase deploy. If you
[info] have a build process for your assets, use your build's output directory.
[info] 
[info] +  Wrote public/404.html 
[debug] [2024-03-04T21:43:39.020Z] >>> [apiv2][query] GET https://www.gstatic.com/firebasejs/releases.json [none]
[debug] [2024-03-04T21:43:39.089Z] <<< [apiv2][status] GET https://www.gstatic.com/firebasejs/releases.json 200
[debug] [2024-03-04T21:43:39.089Z] <<< [apiv2][body] GET https://www.gstatic.com/firebasejs/releases.json {"current":{"version":"10.8.1","browserURL":"https://www.gstatic.com/firebasejs/10.8.1/firebase.js","packageURL":"https://www.gstatic.com/firebasejs/10.8.1/firebase.tgz"},"live":{"version":"10.8","browserURL":"https://www.gstatic.com/firebasejs/live/10.8/firebase.js","packageURL":"https://www.gstatic.com/firebasejs/live/10.8/firebase.tgz"},"components":{"analytics":"https://www.gstatic.com/firebasejs/10.8.1/firebase-analytics.js","app":"https://www.gstatic.com/firebasejs/10.8.1/firebase-app.js","app-check":"https://www.gstatic.com/firebasejs/10.8.1/firebase-app-check.js","auth":"https://www.gstatic.com/firebasejs/10.8.1/firebase-auth.js","auth/cordova":"https://www.gstatic.com/firebasejs/10.8.1/firebase-auth/cordova.js","auth/web-extension":"https://www.gstatic.com/firebasejs/10.8.1/firebase-auth/web-extension.js","functions":"https://www.gstatic.com/firebasejs/10.8.1/firebase-functions.js","firestore":"https://www.gstatic.com/firebasejs/10.8.1/firebase-firestore.js","firestore/lite":"https://www.gstatic.com/firebasejs/10.8.1/firebase-firestore/lite.js","installations":"https://www.gstatic.com/firebasejs/10.8.1/firebase-installations.js","storage":"https://www.gstatic.com/firebasejs/10.8.1/firebase-storage.js","performance":"https://www.gstatic.com/firebasejs/10.8.1/firebase-performance.js","remote-config":"https://www.gstatic.com/firebasejs/10.8.1/firebase-remote-config.js","messaging":"https://www.gstatic.com/firebasejs/10.8.1/firebase-messaging.js","messaging/sw":"https://www.gstatic.com/firebasejs/10.8.1/firebase-messaging/sw.js","database":"https://www.gstatic.com/firebasejs/10.8.1/firebase-database.js","firestore.memory":"https://www.gstatic.com/firebasejs/10.8.1/firebase-firestore.memory.js"}}
[info] i  Skipping write of public/index.html 
[info] 
[info] i  Detected a .git folder at C:\Users\Bamboo\Documents\Coding\untitled 
[info] i  Authorizing with GitHub to upload your service account to a GitHub repository's secrets store. 
[info] 
[info] Visit this URL on this device to log in:
[info] https://github.com/login/oauth/authorize?client_id=89cf50f02ac6aaed3484&state=912753664&redirect_uri=http%3A%2F%2Flocalhost%3A9005&scope=read%3Auser%20repo%20public_repo
[info] 
[info] Waiting for authentication...
[debug] [2024-03-04T21:46:01.857Z] >>> [apiv2][query] POST https://github.com/login/oauth/access_token [none]
[debug] [2024-03-04T21:46:01.857Z] >>> [apiv2][body] POST https://github.com/login/oauth/access_token [stream]
[debug] [2024-03-04T21:46:02.191Z] <<< [apiv2][status] POST https://github.com/login/oauth/access_token 200
[debug] [2024-03-04T21:46:02.191Z] <<< [apiv2][body] POST https://github.com/login/oauth/access_token {"access_token":"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","token_type":"bearer","scope":"read:user,repo"}
[debug] [2024-03-04T21:46:02.199Z] >>> [apiv2][query] GET https://api.github.com/user [none]
[debug] [2024-03-04T21:46:02.448Z] <<< [apiv2][status] GET https://api.github.com/user 200
[debug] [2024-03-04T21:46:02.448Z] <<< [apiv2][body] GET https://api.github.com/user {"login":"Bamboo92","id":75183449,"node_id":"MDQ6VXNlcjc1MTgzNDQ5","avatar_url":"https://avatars.githubusercontent.com/u/75183449?v=4","gravatar_id":"","url":"https://api.github.com/users/Bamboo92","html_url":"https://github.com/Bamboo92","followers_url":"https://api.github.com/users/Bamboo92/followers","following_url":"https://api.github.com/users/Bamboo92/following{/other_user}","gists_url":"https://api.github.com/users/Bamboo92/gists{/gist_id}","starred_url":"https://api.github.com/users/Bamboo92/starred{/owner}{/repo}","subscriptions_url":"https://api.github.com/users/Bamboo92/subscriptions","organizations_url":"https://api.github.com/users/Bamboo92/orgs","repos_url":"https://api.github.com/users/Bamboo92/repos","events_url":"https://api.github.com/users/Bamboo92/events{/privacy}","received_events_url":"https://api.github.com/users/Bamboo92/received_events","type":"User","site_admin":false,"name":"Bamboo","company":null,"blog":"","location":null,"email":null,"hireable":true,"bio":null,"twitter_username":null,"public_repos":7,"public_gists":0,"followers":0,"following":0,"created_at":"2020-11-28T20:35:33Z","updated_at":"2024-03-04T21:45:26Z","private_gists":0,"total_private_repos":1,"owned_private_repos":1,"disk_usage":90425,"collaborators":0,"two_factor_authentication":false,"plan":{"name":"free","space":976562499,"collaborators":0,"private_repos":10000}}
[info] 
[info] +  Success! Logged into GitHub as Bamboo92 
[info] 
